[INFO  - 2017-08-22T20:58:34.949Z] GhostDriver - Main - running on port 64023
[INFO  - 2017-08-22T20:58:35.220Z] Session [a9c676e0-877c-11e7-930d-6dd98049b2c2] - page.settings - {"XSSAuditingEnabled":false,"javascriptCanCloseWindows":true,"javascriptCanOpenWindows":true,"javascriptEnabled":true,"loadImages":true,"localToRemoteUrlAccessEnabled":false,"userAgent":"Mozilla/5.0 (Macintosh; Intel Mac OS X) AppleWebKit/538.1 (KHTML, like Gecko) PhantomJS/2.1.1 Safari/538.1","webSecurityEnabled":true}
[INFO  - 2017-08-22T20:58:35.220Z] Session [a9c676e0-877c-11e7-930d-6dd98049b2c2] - page.customHeaders:  - {}
[INFO  - 2017-08-22T20:58:35.220Z] Session [a9c676e0-877c-11e7-930d-6dd98049b2c2] - Session.negotiatedCapabilities - {"browserName":"phantomjs","version":"2.1.1","driverName":"ghostdriver","driverVersion":"1.2.0","platform":"mac-10.11 (El Capitan)-64bit","javascriptEnabled":true,"takesScreenshot":true,"handlesAlerts":false,"databaseEnabled":false,"locationContextEnabled":false,"applicationCacheEnabled":false,"browserConnectionEnabled":false,"cssSelectorsEnabled":true,"webStorageEnabled":false,"rotatable":false,"acceptSslCerts":false,"nativeEvents":true,"proxy":{"proxyType":"direct"}}
[INFO  - 2017-08-22T20:58:35.220Z] SessionManagerReqHand - _postNewSessionCommand - New Session Created: a9c676e0-877c-11e7-930d-6dd98049b2c2
[ERROR - 2017-08-22T20:58:35.476Z] Session [a9c676e0-877c-11e7-930d-6dd98049b2c2] - page.onError - msg: Error: Model `Div' does not exist. This could be due to a widget or a custom model not being registered before first usage.

  phantomjs://platform/console++.js:263 in error
[ERROR - 2017-08-22T20:58:35.476Z] Session [a9c676e0-877c-11e7-930d-6dd98049b2c2] - page.onError - stack:
  Models (file:////var/folders/mq/x2bq5xl56dgg6khnj9xfs_p40000gn/T/tmpchr1yfeg.html:17)
  _instantiate_object (file:////var/folders/mq/x2bq5xl56dgg6khnj9xfs_p40000gn/T/tmpchr1yfeg.html:38)
  _instantiate_references_json (file:////var/folders/mq/x2bq5xl56dgg6khnj9xfs_p40000gn/T/tmpchr1yfeg.html:38)
  from_json (file:////var/folders/mq/x2bq5xl56dgg6khnj9xfs_p40000gn/T/tmpchr1yfeg.html:38)
  embed_items (file:////var/folders/mq/x2bq5xl56dgg6khnj9xfs_p40000gn/T/tmpchr1yfeg.html:38)
  (anonymous function) (file:////var/folders/mq/x2bq5xl56dgg6khnj9xfs_p40000gn/T/tmpchr1yfeg.html:295)
  safely (file:////var/folders/mq/x2bq5xl56dgg6khnj9xfs_p40000gn/T/tmpchr1yfeg.html:52)
  fn (file:////var/folders/mq/x2bq5xl56dgg6khnj9xfs_p40000gn/T/tmpchr1yfeg.html:291)

  phantomjs://platform/console++.js:263 in error
[INFO  - 2017-08-22T21:03:35.431Z] SessionManagerReqHand - _cleanupWindowlessSessions - Asynchronous Sessions clean-up phase starting NOW
[INFO  - 2017-08-22T21:08:35.438Z] SessionManagerReqHand - _cleanupWindowlessSessions - Asynchronous Sessions clean-up phase starting NOW
[INFO  - 2017-08-22T21:13:35.446Z] SessionManagerReqHand - _cleanupWindowlessSessions - Asynchronous Sessions clean-up phase starting NOW
[INFO  - 2017-08-22T21:18:36.233Z] SessionManagerReqHand - _cleanupWindowlessSessions - Asynchronous Sessions clean-up phase starting NOW
[INFO  - 2017-08-22T21:23:36.242Z] SessionManagerReqHand - _cleanupWindowlessSessions - Asynchronous Sessions clean-up phase starting NOW
[INFO  - 2017-08-22T21:28:36.251Z] SessionManagerReqHand - _cleanupWindowlessSessions - Asynchronous Sessions clean-up phase starting NOW
[INFO  - 2017-08-22T21:33:36.260Z] SessionManagerReqHand - _cleanupWindowlessSessions - Asynchronous Sessions clean-up phase starting NOW
[INFO  - 2017-08-22T21:38:36.269Z] SessionManagerReqHand - _cleanupWindowlessSessions - Asynchronous Sessions clean-up phase starting NOW
[INFO  - 2017-08-22T21:43:36.278Z] SessionManagerReqHand - _cleanupWindowlessSessions - Asynchronous Sessions clean-up phase starting NOW
[INFO  - 2017-08-22T21:48:36.289Z] SessionManagerReqHand - _cleanupWindowlessSessions - Asynchronous Sessions clean-up phase starting NOW
[INFO  - 2017-08-22T21:53:36.297Z] SessionManagerReqHand - _cleanupWindowlessSessions - Asynchronous Sessions clean-up phase starting NOW
[INFO  - 2017-08-22T21:58:36.309Z] SessionManagerReqHand - _cleanupWindowlessSessions - Asynchronous Sessions clean-up phase starting NOW
[INFO  - 2017-08-22T22:03:36.318Z] SessionManagerReqHand - _cleanupWindowlessSessions - Asynchronous Sessions clean-up phase starting NOW
[INFO  - 2017-08-22T22:08:36.328Z] SessionManagerReqHand - _cleanupWindowlessSessions - Asynchronous Sessions clean-up phase starting NOW
[INFO  - 2017-08-22T22:13:36.336Z] SessionManagerReqHand - _cleanupWindowlessSessions - Asynchronous Sessions clean-up phase starting NOW
[INFO  - 2017-08-22T22:18:36.345Z] SessionManagerReqHand - _cleanupWindowlessSessions - Asynchronous Sessions clean-up phase starting NOW
[INFO  - 2017-08-22T22:23:36.356Z] SessionManagerReqHand - _cleanupWindowlessSessions - Asynchronous Sessions clean-up phase starting NOW
